#
# There is insufficient memory for the Java Runtime Environment to continue.
# Native memory allocation (malloc) failed to allocate 1048576 bytes. Error detail: AllocateHeap
# Possible reasons:
#   The system is out of physical RAM or swap space
#   This process is running with CompressedOops enabled, and the Java Heap may be blocking the growth of the native heap
# Possible solutions:
#   Reduce memory load on the system
#   Increase physical memory or swap space
#   Check if swap backing store is full
#   Decrease Java heap size (-Xmx/-Xms)
#   Decrease number of Java threads
#   Decrease Java thread stack sizes (-Xss)
#   Set larger code cache with -XX:ReservedCodeCacheSize=
#   JVM is running with Unscaled Compressed Oops mode in which the Java heap is
#     placed in the first 4GB address space. The Java Heap base address is the
#     maximum limit for the native heap growth. Please use -XX:HeapBaseMinAddress
#     to set the Java Heap base and to place the Java Heap above 4GB virtual address.
# This output file may be truncated or incomplete.
#
#  Out of Memory Error (allocation.cpp:44), pid=7984, tid=5812
#
# JRE version: OpenJDK Runtime Environment Temurin-21.0.9+10 (21.0.9+10) (build 21.0.9+10-LTS)
# Java VM: OpenJDK 64-Bit Server VM Temurin-21.0.9+10 (21.0.9+10-LTS, mixed mode, sharing, tiered, compressed oops, compressed class ptrs, parallel gc, windows-amd64)
# No core dump will be written. Minidumps are not enabled by default on client versions of Windows
#

---------------  S U M M A R Y ------------

Command Line: --add-modules=ALL-SYSTEM --add-opens=java.base/java.util=ALL-UNNAMED --add-opens=java.base/java.lang=ALL-UNNAMED --add-opens=java.base/sun.nio.fs=ALL-UNNAMED -Declipse.application=org.eclipse.jdt.ls.core.id1 -Dosgi.bundles.defaultStartLevel=4 -Declipse.product=org.eclipse.jdt.ls.core.product -Djava.import.generatesMetadataFilesAtProjectRoot=false -DDetectVMInstallationsJob.disabled=true -Dfile.encoding=utf8 -XX:+UseParallelGC -XX:GCTimeRatio=4 -XX:AdaptiveSizePolicyWeight=90 -Dsun.zip.disableMemoryMapping=true -Xmx2G -Xms100m -Xlog:disable -javaagent:c:\Users\cbele\.vscode\extensions\redhat.java-1.50.0-win32-x64\lombok\lombok-1.18.39-4050.jar -XX:+HeapDumpOnOutOfMemoryError -XX:HeapDumpPath=c:\Users\cbele\AppData\Roaming\Code\User\workspaceStorage\5977b9aecedd2a9adb6da221cf93ebb7\redhat.java -Daether.dependencyCollector.impl=bf c:\Users\cbele\.vscode\extensions\redhat.java-1.50.0-win32-x64\server\plugins\org.eclipse.equinox.launcher_1.7.100.v20251111-0406.jar -configuration c:\Users\cbele\AppData\Roaming\Code\User\globalStorage\redhat.java\1.50.0\config_win -data c:\Users\cbele\AppData\Roaming\Code\User\workspaceStorage\5977b9aecedd2a9adb6da221cf93ebb7\redhat.java\jdt_ws --pipe=\\.\pipe\lsp-927519df0c90540c95cca42d7fa7c3a5-sock

Host: 11th Gen Intel(R) Core(TM) i5-1135G7 @ 2.40GHz, 8 cores, 7G,  Windows 11 , 64 bit Build 26100 (10.0.26100.7309)
Time: Mon Dec 15 13:36:53 2025 Hora verano Sudamérica Pacífico elapsed time: 3020.452256 seconds (0d 0h 50m 20s)

---------------  T H R E A D  ---------------

Current thread (0x000001d9e3c0ebc0):  JavaThread "Attach Listener" daemon [_thread_in_vm, id=5812, stack(0x000000c05a100000,0x000000c05a200000) (1024K)]

Stack: [0x000000c05a100000,0x000000c05a200000]
Native frames: (J=compiled Java code, j=interpreted, Vv=VM code, C=native code)
V  [jvm.dll+0x6d6e29]
V  [jvm.dll+0x8b4b76]
V  [jvm.dll+0x8b712e]
V  [jvm.dll+0x8b7813]
V  [jvm.dll+0x283d86]
V  [jvm.dll+0xc1277]
V  [jvm.dll+0x6d76d9]
V  [jvm.dll+0x133466]
V  [jvm.dll+0x3f7ea6]
V  [jvm.dll+0x85e9ad]
V  [jvm.dll+0x6d565d]
C  [ucrtbase.dll+0x37b0]
C  [KERNEL32.DLL+0x2e8d7]
C  [ntdll.dll+0x8c53c]


---------------  P R O C E S S  ---------------

Threads class SMR info:
_java_thread_list=0x000001d9c5dc1920, length=40, elements={
0x000001d9e1916230, 0x000001d9e3bf83c0, 0x000001d9e3d3e6f0, 0x000001d9e3c0e170,
0x000001d9e3c0ebc0, 0x000001d9e3c0f860, 0x000001d9e3c132d0, 0x000001d9e3c14100,
0x000001d9e3c1f8c0, 0x000001d9c522ee30, 0x000001d9c532a020, 0x000001d9c59ea660,
0x000001d9c5de4470, 0x000001d9c55b88d0, 0x000001d9c55aa920, 0x000001d9c5a0d8a0,
0x000001d9c58f62b0, 0x000001d9c505b560, 0x000001d9c5059b20, 0x000001d9c505c280,
0x000001d9c505cfa0, 0x000001d9c505aed0, 0x000001d9c87c3db0, 0x000001d9c87c3090,
0x000001d9c87c4440, 0x000001d9c87c4ad0, 0x000001d9c87c5e80, 0x000001d9c87c6510,
0x000001d9c87c5160, 0x000001d9c87c3720, 0x000001d9c87c7230, 0x000001d9c87c6ba0,
0x000001d9c87c7f50, 0x000001d9c87c57f0, 0x000001d9c5fc56f0, 0x000001d9c5fc77c0,
0x000001d9c5fc6410, 0x000001d9c5fc9200, 0x000001d9c5fc5d80, 0x000001d9c5fc6aa0
}

Java Threads: ( => current thread )
  0x000001d9e1916230 JavaThread "main"                              [_thread_blocked, id=17704, stack(0x000000c059a00000,0x000000c059b00000) (1024K)]
  0x000001d9e3bf83c0 JavaThread "Reference Handler"          daemon [_thread_blocked, id=10648, stack(0x000000c059e00000,0x000000c059f00000) (1024K)]
  0x000001d9e3d3e6f0 JavaThread "Finalizer"                  daemon [_thread_blocked, id=6092, stack(0x000000c059f00000,0x000000c05a000000) (1024K)]
  0x000001d9e3c0e170 JavaThread "Signal Dispatcher"          daemon [_thread_blocked, id=1984, stack(0x000000c05a000000,0x000000c05a100000) (1024K)]
=>0x000001d9e3c0ebc0 JavaThread "Attach Listener"            daemon [_thread_in_vm, id=5812, stack(0x000000c05a100000,0x000000c05a200000) (1024K)]
  0x000001d9e3c0f860 JavaThread "Service Thread"             daemon [_thread_blocked, id=13776, stack(0x000000c05a200000,0x000000c05a300000) (1024K)]
  0x000001d9e3c132d0 JavaThread "Monitor Deflation Thread"   daemon [_thread_blocked, id=1408, stack(0x000000c05a300000,0x000000c05a400000) (1024K)]
  0x000001d9e3c14100 JavaThread "C2 CompilerThread0"         daemon [_thread_blocked, id=9776, stack(0x000000c05a400000,0x000000c05a500000) (1024K)]
  0x000001d9e3c1f8c0 JavaThread "C1 CompilerThread0"         daemon [_thread_blocked, id=17996, stack(0x000000c05a500000,0x000000c05a600000) (1024K)]
  0x000001d9c522ee30 JavaThread "Common-Cleaner"             daemon [_thread_blocked, id=4736, stack(0x000000c05a600000,0x000000c05a700000) (1024K)]
  0x000001d9c532a020 JavaThread "Notification Thread"        daemon [_thread_blocked, id=9684, stack(0x000000c05a700000,0x000000c05a800000) (1024K)]
  0x000001d9c59ea660 JavaThread "Active Thread: Equinox Container: 837be974-57a4-4ab8-b165-0323035b5d0f"        [_thread_blocked, id=12440, stack(0x000000c05ae00000,0x000000c05af00000) (1024K)]
  0x000001d9c5de4470 JavaThread "Refresh Thread: Equinox Container: 837be974-57a4-4ab8-b165-0323035b5d0f" daemon [_thread_blocked, id=5232, stack(0x000000c05af00000,0x000000c05b000000) (1024K)]
  0x000001d9c55b88d0 JavaThread "Framework Event Dispatcher: Equinox Container: 837be974-57a4-4ab8-b165-0323035b5d0f" daemon [_thread_blocked, id=12208, stack(0x000000c05b100000,0x000000c05b200000) (1024K)]
  0x000001d9c55aa920 JavaThread "Start Level: Equinox Container: 837be974-57a4-4ab8-b165-0323035b5d0f" daemon [_thread_blocked, id=15424, stack(0x000000c05b200000,0x000000c05b300000) (1024K)]
  0x000001d9c5a0d8a0 JavaThread "Bundle File Closer"         daemon [_thread_blocked, id=5440, stack(0x000000c05b300000,0x000000c05b400000) (1024K)]
  0x000001d9c58f62b0 JavaThread "SCR Component Actor"        daemon [_thread_blocked, id=5244, stack(0x000000c059700000,0x000000c059800000) (1024K)]
  0x000001d9c505b560 JavaThread "Worker-JM"                         [_thread_blocked, id=11132, stack(0x000000c05b600000,0x000000c05b700000) (1024K)]
  0x000001d9c5059b20 JavaThread "JNA Cleaner"                daemon [_thread_blocked, id=9668, stack(0x000000c05b400000,0x000000c05b500000) (1024K)]
  0x000001d9c505c280 JavaThread "Worker-1"                          [_thread_blocked, id=14476, stack(0x000000c05b700000,0x000000c05b800000) (1024K)]
  0x000001d9c505cfa0 JavaThread "Java indexing"              daemon [_thread_blocked, id=9408, stack(0x000000c05ba00000,0x000000c05bb00000) (1024K)]
  0x000001d9c505aed0 JavaThread "Worker-2"                          [_thread_blocked, id=12304, stack(0x000000c05bb00000,0x000000c05bc00000) (1024K)]
  0x000001d9c87c3db0 JavaThread "Thread-1"                   daemon [_thread_in_native, id=8116, stack(0x000000c05bf00000,0x000000c05c000000) (1024K)]
  0x000001d9c87c3090 JavaThread "Thread-2"                   daemon [_thread_in_native, id=14108, stack(0x000000c05c000000,0x000000c05c100000) (1024K)]
  0x000001d9c87c4440 JavaThread "Thread-3"                   daemon [_thread_in_native, id=14260, stack(0x000000c05c100000,0x000000c05c200000) (1024K)]
  0x000001d9c87c4ad0 JavaThread "Thread-4"                   daemon [_thread_in_native, id=18052, stack(0x000000c05c200000,0x000000c05c300000) (1024K)]
  0x000001d9c87c5e80 JavaThread "Thread-5"                   daemon [_thread_in_native, id=12368, stack(0x000000c05c300000,0x000000c05c400000) (1024K)]
  0x000001d9c87c6510 JavaThread "Thread-6"                   daemon [_thread_in_native, id=15884, stack(0x000000c05c400000,0x000000c05c500000) (1024K)]
  0x000001d9c87c5160 JavaThread "Thread-7"                   daemon [_thread_in_native, id=10652, stack(0x000000c05c500000,0x000000c05c600000) (1024K)]
  0x000001d9c87c3720 JavaThread "Thread-8"                   daemon [_thread_in_native, id=676, stack(0x000000c05c600000,0x000000c05c700000) (1024K)]
  0x000001d9c87c7230 JavaThread "Thread-9"                   daemon [_thread_in_native, id=17164, stack(0x000000c05c700000,0x000000c05c800000) (1024K)]
  0x000001d9c87c6ba0 JavaThread "pool-2-thread-1"                   [_thread_blocked, id=4848, stack(0x000000c05c800000,0x000000c05c900000) (1024K)]
  0x000001d9c87c7f50 JavaThread "WorkspaceEventsHandler"            [_thread_blocked, id=16912, stack(0x000000c05ca00000,0x000000c05cb00000) (1024K)]
  0x000001d9c87c57f0 JavaThread "pool-1-thread-1"                   [_thread_blocked, id=11104, stack(0x000000c05cb00000,0x000000c05cc00000) (1024K)]
  0x000001d9c5fc56f0 JavaThread "Java Debug Server"          daemon [_thread_in_native, id=19084, stack(0x000000c05b800000,0x000000c05b900000) (1024K)]
  0x000001d9c5fc77c0 JavaThread "pool-4-thread-1"                   [_thread_in_native, id=18904, stack(0x000000c05b900000,0x000000c05ba00000) (1024K)]
  0x000001d9c5fc6410 JavaThread "RxSchedulerPurge-1"         daemon [_thread_blocked, id=14180, stack(0x000000c05bc00000,0x000000c05bd00000) (1024K)]
  0x000001d9c5fc9200 JavaThread "RxCachedWorkerPoolEvictor-1" daemon [_thread_blocked, id=19040, stack(0x000000c05bd00000,0x000000c05be00000) (1024K)]
  0x000001d9c5fc5d80 JavaThread "RxNewThreadScheduler-1"     daemon [_thread_blocked, id=4408, stack(0x000000c05be00000,0x000000c05bf00000) (1024K)]
  0x000001d9c5fc6aa0 JavaThread "process reaper (pid 4692)"  daemon [_thread_in_native, id=2732, stack(0x000000c059320000,0x000000c059340000) (128K)]
Total: 40

Other Threads:
  0x000001d9e3bf3100 VMThread "VM Thread"                           [id=6368, stack(0x000000c059d00000,0x000000c059e00000) (1024K)]
  0x000001d9e3cf3c30 WatcherThread "VM Periodic Task Thread"        [id=5184, stack(0x000000c059c00000,0x000000c059d00000) (1024K)]
  0x000001d9e3ca6f10 WorkerThread "GC Thread#0"                     [id=3180, stack(0x000000c059b00000,0x000000c059c00000) (1024K)]
  0x000001d9c53faff0 WorkerThread "GC Thread#1"                     [id=1608, stack(0x000000c05a800000,0x000000c05a900000) (1024K)]
  0x000001d9c53fb390 WorkerThread "GC Thread#2"                     [id=6484, stack(0x000000c05a900000,0x000000c05aa00000) (1024K)]
  0x000001d9c53fb730 WorkerThread "GC Thread#3"                     [id=10016, stack(0x000000c05aa00000,0x000000c05ab00000) (1024K)]
  0x000001d9c5372260 WorkerThread "GC Thread#4"                     [id=16040, stack(0x000000c05ab00000,0x000000c05ac00000) (1024K)]
  0x000001d9c5372600 WorkerThread "GC Thread#5"                     [id=9700, stack(0x000000c05ac00000,0x000000c05ad00000) (1024K)]
  0x000001d9c53729a0 WorkerThread "GC Thread#6"                     [id=15228, stack(0x000000c05ad00000,0x000000c05ae00000) (1024K)]
  0x000001d9c5de4d20 WorkerThread "GC Thread#7"                     [id=5472, stack(0x000000c05b000000,0x000000c05b100000) (1024K)]
Total: 10

Threads with active compile tasks:
Total: 0

VM state: not at safepoint (normal execution)

VM Mutex/Monitor currently owned by a thread: None

Heap address: 0x0000000080000000, size: 2048 MB, Compressed Oops mode: 32-bit

CDS archive(s) mapped at: [0x000001d980000000-0x000001d980ba0000-0x000001d980ba0000), size 12189696, SharedBaseAddress: 0x000001d980000000, ArchiveRelocationMode: 1.
Compressed class space mapped at: 0x000001d981000000-0x000001d9c1000000, reserved size: 1073741824
Narrow klass base: 0x000001d980000000, Narrow klass shift: 0, Narrow klass range: 0x100000000

GC Precious Log:
 CardTable entry size: 512
 CPUs: 8 total, 8 available
 Memory: 7959M
 Large Page Support: Disabled
 NUMA Support: Disabled
 Compressed Oops: Enabled (32-bit)
 Alignments: Space 512K, Generation 512K, Heap 2M
 Heap Min Capacity: 100M
 Heap Initial Capacity: 100M
 Heap Max Capacity: 2G
 Pre-touch: Disabled
 Parallel Workers: 8

Heap:
 PSYoungGen      total 22528K, used 2123K [0x00000000d5580000, 0x00000000d6d00000, 0x0000000100000000)
  eden space 21504K, 6% used [0x00000000d5580000,0x00000000d56f2c58,0x00000000d6a80000)
  from space 1024K, 62% used [0x00000000d6b00000,0x00000000d6ba0020,0x00000000d6c00000)
  to   space 1024K, 0% used [0x00000000d6c00000,0x00000000d6c00000,0x00000000d6d00000)
 ParOldGen       total 72704K, used 72688K [0x0000000080000000, 0x0000000084700000, 0x00000000d5580000)
  object space 72704K, 99% used [0x0000000080000000,0x00000000846fc240,0x0000000084700000)
 Metaspace       used 70526K, committed 72064K, reserved 1114112K
  class space    used 7652K, committed 8320K, reserved 1048576K

Card table byte_map: [0x000001d9e3620000,0x000001d9e3a30000] _byte_map_base: 0x000001d9e3220000

Marking Bits: (ParMarkBitMap*) 0x00007ffef4952460
 Begin Bits: [0x000001d9f6130000, 0x000001d9f8130000)
 End Bits:   [0x000001d9f8130000, 0x000001d9fa130000)

Polling page: 0x000001d9e1c00000

Metaspace:

Usage:
  Non-class:     61.40 MB used.
      Class:      7.47 MB used.
       Both:     68.87 MB used.

Virtual space:
  Non-class space:       64.00 MB reserved,      62.25 MB ( 97%) committed,  1 nodes.
      Class space:        1.00 GB reserved,       8.12 MB ( <1%) committed,  1 nodes.
             Both:        1.06 GB reserved,      70.38 MB (  6%) committed. 

Chunk freelists:
   Non-Class:  1.45 MB
       Class:  7.86 MB
        Both:  9.31 MB

MaxMetaspaceSize: unlimited
CompressedClassSpaceSize: 1.00 GB
Initial GC threshold: 21.00 MB
Current GC threshold: 97.31 MB
CDS: on
 - commit_granule_bytes: 65536.
 - commit_granule_words: 8192.
 - virtual_space_node_default_size: 8388608.
 - enlarge_chunks_in_place: 1.
 - use_allocation_guard: 0.


Internal statistics:

num_allocs_failed_limit: 9.
num_arena_births: 1236.
num_arena_deaths: 14.
num_vsnodes_births: 2.
num_vsnodes_deaths: 0.
num_space_committed: 1126.
num_space_uncommitted: 0.
num_chunks_returned_to_freelist: 23.
num_chunks_taken_from_freelist: 4331.
num_chunk_merges: 14.
num_chunk_splits: 2683.
num_chunks_enlarged: 1533.
num_inconsistent_stats: 0.

CodeHeap 'non-profiled nmethods': size=120000Kb used=8282Kb max_used=8282Kb free=111718Kb
 bounds [0x000001d9ee950000, 0x000001d9ef170000, 0x000001d9f5e80000]
CodeHeap 'profiled nmethods': size=120000Kb used=23125Kb max_used=23125Kb free=96874Kb
 bounds [0x000001d9e6e80000, 0x000001d9e8520000, 0x000001d9ee3b0000]
CodeHeap 'non-nmethods': size=5760Kb used=1489Kb max_used=1541Kb free=4270Kb
 bounds [0x000001d9ee3b0000, 0x000001d9ee620000, 0x000001d9ee950000]
CodeCache: size=245760Kb, used=32896Kb, max_used=32948Kb, free=212862Kb
 total_blobs=11138, nmethods=10339, adapters=705, full_count=0
Compilation: enabled, stopped_count=0, restarted_count=0

Compilation events (20 events):
Event: 2206.622 Thread 0x000001d9e3c14100 11105       4       java.util.concurrent.locks.AbstractQueuedSynchronizer$Node::setStatusRelaxed (12 bytes)
Event: 2206.623 Thread 0x000001d9e3c14100 nmethod 11105 0x000001d9ef165710 code [0x000001d9ef1658a0, 0x000001d9ef165930]
Event: 2539.613 Thread 0x000001d9e3c14100 11106       4       java.util.concurrent.locks.LockSupport::setBlocker (12 bytes)
Event: 2539.614 Thread 0x000001d9e3c14100 nmethod 11106 0x000001d9ef165a10 code [0x000001d9ef165b80, 0x000001d9ef165c08]
Event: 2589.082 Thread 0x000001d9e3c1f8c0 11107       3       java.util.Optional::get (22 bytes)
Event: 2589.083 Thread 0x000001d9e3c1f8c0 nmethod 11107 0x000001d9e8512e10 code [0x000001d9e8512fc0, 0x000001d9e85131e0]
Event: 2599.083 Thread 0x000001d9e3c1f8c0 11108       3       org.eclipse.jdt.ls.core.internal.ParentProcessWatcher::run (83 bytes)
Event: 2599.091 Thread 0x000001d9e3c1f8c0 nmethod 11108 0x000001d9e8513310 code [0x000001d9e85135a0, 0x000001d9e8513ff8]
Event: 2599.091 Thread 0x000001d9e3c1f8c0 11109       3       org.eclipse.jdt.ls.core.internal.ParentProcessWatcher::parentProcessStillRunning (62 bytes)
Event: 2599.092 Thread 0x000001d9e3c1f8c0 nmethod 11109 0x000001d9e8514390 code [0x000001d9e85145c0, 0x000001d9e8514cc8]
Event: 2613.618 Thread 0x000001d9e3c14100 11110       4       java.util.concurrent.ScheduledThreadPoolExecutor::canRunInCurrentRunState (61 bytes)
Event: 2613.619 Thread 0x000001d9e3c14100 nmethod 11110 0x000001d9ef165d10 code [0x000001d9ef165ea0, 0x000001d9ef165f68]
Event: 2639.111 Thread 0x000001d9e3c1f8c0 11111       3       java.lang.ProcessHandleImpl::<init> (15 bytes)
Event: 2639.112 Thread 0x000001d9e3c1f8c0 nmethod 11111 0x000001d9e8514f10 code [0x000001d9e85150c0, 0x000001d9e8515230]
Event: 2648.044 Thread 0x000001d9e3c1f8c0 11112       3       java.util.logging.Logger::isLoggable (27 bytes)
Event: 2648.044 Thread 0x000001d9e3c1f8c0 nmethod 11112 0x000001d9e8515310 code [0x000001d9e85154c0, 0x000001d9e8515690]
Event: 2720.620 Thread 0x000001d9e3c14100 11113       4       java.util.concurrent.TimeUnit::convert (73 bytes)
Event: 2720.621 Thread 0x000001d9e3c14100 nmethod 11113 0x000001d9ef166090 code [0x000001d9ef166240, 0x000001d9ef1663d0]
Event: 2944.614 Thread 0x000001d9e3c14100 11114       4       java.util.concurrent.ThreadPoolExecutor::runStateAtLeast (11 bytes)
Event: 2944.615 Thread 0x000001d9e3c14100 nmethod 11114 0x000001d9ef166510 code [0x000001d9ef166680, 0x000001d9ef1666f8]

GC Heap History (20 events):
Event: 66.071 GC heap before
{Heap before GC invocations=63 (full 3):
 PSYoungGen      total 23040K, used 22958K [0x00000000d5580000, 0x00000000d6d00000, 0x0000000100000000)
  eden space 22016K, 100% used [0x00000000d5580000,0x00000000d6b00000,0x00000000d6b00000)
  from space 1024K, 92% used [0x00000000d6b00000,0x00000000d6bebb48,0x00000000d6c00000)
  to   space 1024K, 0% used [0x00000000d6c00000,0x00000000d6c00000,0x00000000d6d00000)
 ParOldGen       total 68608K, used 66981K [0x0000000080000000, 0x0000000084300000, 0x00000000d5580000)
  object space 68608K, 97% used [0x0000000080000000,0x00000000841696d8,0x0000000084300000)
 Metaspace       used 62780K, committed 64064K, reserved 1114112K
  class space    used 6780K, committed 7360K, reserved 1048576K
}
Event: 66.074 GC heap after
{Heap after GC invocations=63 (full 3):
 PSYoungGen      total 23040K, used 512K [0x00000000d5580000, 0x00000000d6d00000, 0x0000000100000000)
  eden space 22016K, 0% used [0x00000000d5580000,0x00000000d5580000,0x00000000d6b00000)
  from space 1024K, 50% used [0x00000000d6c00000,0x00000000d6c80000,0x00000000d6d00000)
  to   space 1024K, 0% used [0x00000000d6b00000,0x00000000d6b00000,0x00000000d6c00000)
 ParOldGen       total 68608K, used 67756K [0x0000000080000000, 0x0000000084300000, 0x00000000d5580000)
  object space 68608K, 98% used [0x0000000080000000,0x000000008422b228,0x0000000084300000)
 Metaspace       used 62780K, committed 64064K, reserved 1114112K
  class space    used 6780K, committed 7360K, reserved 1048576K
}
Event: 66.584 GC heap before
{Heap before GC invocations=64 (full 3):
 PSYoungGen      total 23040K, used 22528K [0x00000000d5580000, 0x00000000d6d00000, 0x0000000100000000)
  eden space 22016K, 100% used [0x00000000d5580000,0x00000000d6b00000,0x00000000d6b00000)
  from space 1024K, 50% used [0x00000000d6c00000,0x00000000d6c80000,0x00000000d6d00000)
  to   space 1024K, 0% used [0x00000000d6b00000,0x00000000d6b00000,0x00000000d6c00000)
 ParOldGen       total 68608K, used 67756K [0x0000000080000000, 0x0000000084300000, 0x00000000d5580000)
  object space 68608K, 98% used [0x0000000080000000,0x000000008422b228,0x0000000084300000)
 Metaspace       used 62784K, committed 64064K, reserved 1114112K
  class space    used 6780K, committed 7360K, reserved 1048576K
}
Event: 66.586 GC heap after
{Heap after GC invocations=64 (full 3):
 PSYoungGen      total 23040K, used 672K [0x00000000d5580000, 0x00000000d6d00000, 0x0000000100000000)
  eden space 22016K, 0% used [0x00000000d5580000,0x00000000d5580000,0x00000000d6b00000)
  from space 1024K, 65% used [0x00000000d6b00000,0x00000000d6ba8000,0x00000000d6c00000)
  to   space 1024K, 0% used [0x00000000d6c00000,0x00000000d6c00000,0x00000000d6d00000)
 ParOldGen       total 68608K, used 68220K [0x0000000080000000, 0x0000000084300000, 0x00000000d5580000)
  object space 68608K, 99% used [0x0000000080000000,0x000000008429f228,0x0000000084300000)
 Metaspace       used 62784K, committed 64064K, reserved 1114112K
  class space    used 6780K, committed 7360K, reserved 1048576K
}
Event: 66.789 GC heap before
{Heap before GC invocations=65 (full 3):
 PSYoungGen      total 23040K, used 22688K [0x00000000d5580000, 0x00000000d6d00000, 0x0000000100000000)
  eden space 22016K, 100% used [0x00000000d5580000,0x00000000d6b00000,0x00000000d6b00000)
  from space 1024K, 65% used [0x00000000d6b00000,0x00000000d6ba8000,0x00000000d6c00000)
  to   space 1024K, 0% used [0x00000000d6c00000,0x00000000d6c00000,0x00000000d6d00000)
 ParOldGen       total 68608K, used 68220K [0x0000000080000000, 0x0000000084300000, 0x00000000d5580000)
  object space 68608K, 99% used [0x0000000080000000,0x000000008429f228,0x0000000084300000)
 Metaspace       used 62789K, committed 64064K, reserved 1114112K
  class space    used 6780K, committed 7360K, reserved 1048576K
}
Event: 66.792 GC heap after
{Heap after GC invocations=65 (full 3):
 PSYoungGen      total 23040K, used 640K [0x00000000d5580000, 0x00000000d6d00000, 0x0000000100000000)
  eden space 22016K, 0% used [0x00000000d5580000,0x00000000d5580000,0x00000000d6b00000)
  from space 1024K, 62% used [0x00000000d6c00000,0x00000000d6ca0230,0x00000000d6d00000)
  to   space 1024K, 0% used [0x00000000d6b00000,0x00000000d6b00000,0x00000000d6c00000)
 ParOldGen       total 69120K, used 68791K [0x0000000080000000, 0x0000000084380000, 0x00000000d5580000)
  object space 69120K, 99% used [0x0000000080000000,0x000000008432dec0,0x0000000084380000)
 Metaspace       used 62789K, committed 64064K, reserved 1114112K
  class space    used 6780K, committed 7360K, reserved 1048576K
}
Event: 68.167 GC heap before
{Heap before GC invocations=66 (full 3):
 PSYoungGen      total 23040K, used 22656K [0x00000000d5580000, 0x00000000d6d00000, 0x0000000100000000)
  eden space 22016K, 100% used [0x00000000d5580000,0x00000000d6b00000,0x00000000d6b00000)
  from space 1024K, 62% used [0x00000000d6c00000,0x00000000d6ca0230,0x00000000d6d00000)
  to   space 1024K, 0% used [0x00000000d6b00000,0x00000000d6b00000,0x00000000d6c00000)
 ParOldGen       total 69120K, used 68791K [0x0000000080000000, 0x0000000084380000, 0x00000000d5580000)
  object space 69120K, 99% used [0x0000000080000000,0x000000008432dec0,0x0000000084380000)
 Metaspace       used 62789K, committed 64064K, reserved 1114112K
  class space    used 6780K, committed 7360K, reserved 1048576K
}
Event: 68.168 GC heap after
{Heap after GC invocations=66 (full 3):
 PSYoungGen      total 23040K, used 448K [0x00000000d5580000, 0x00000000d6d00000, 0x0000000100000000)
  eden space 22016K, 0% used [0x00000000d5580000,0x00000000d5580000,0x00000000d6b00000)
  from space 1024K, 43% used [0x00000000d6b00000,0x00000000d6b70000,0x00000000d6c00000)
  to   space 1024K, 0% used [0x00000000d6c00000,0x00000000d6c00000,0x00000000d6d00000)
 ParOldGen       total 69632K, used 69175K [0x0000000080000000, 0x0000000084400000, 0x00000000d5580000)
  object space 69632K, 99% used [0x0000000080000000,0x000000008438de18,0x0000000084400000)
 Metaspace       used 62789K, committed 64064K, reserved 1114112K
  class space    used 6780K, committed 7360K, reserved 1048576K
}
Event: 68.355 GC heap before
{Heap before GC invocations=67 (full 3):
 PSYoungGen      total 23040K, used 22464K [0x00000000d5580000, 0x00000000d6d00000, 0x0000000100000000)
  eden space 22016K, 100% used [0x00000000d5580000,0x00000000d6b00000,0x00000000d6b00000)
  from space 1024K, 43% used [0x00000000d6b00000,0x00000000d6b70000,0x00000000d6c00000)
  to   space 1024K, 0% used [0x00000000d6c00000,0x00000000d6c00000,0x00000000d6d00000)
 ParOldGen       total 69632K, used 69175K [0x0000000080000000, 0x0000000084400000, 0x00000000d5580000)
  object space 69632K, 99% used [0x0000000080000000,0x000000008438de18,0x0000000084400000)
 Metaspace       used 63550K, committed 64896K, reserved 1114112K
  class space    used 6866K, committed 7488K, reserved 1048576K
}
Event: 68.357 GC heap after
{Heap after GC invocations=67 (full 3):
 PSYoungGen      total 22528K, used 1012K [0x00000000d5580000, 0x00000000d6e00000, 0x0000000100000000)
  eden space 21504K, 0% used [0x00000000d5580000,0x00000000d5580000,0x00000000d6a80000)
  from space 1024K, 98% used [0x00000000d6c00000,0x00000000d6cfd1f0,0x00000000d6d00000)
  to   space 1536K, 0% used [0x00000000d6a80000,0x00000000d6a80000,0x00000000d6c00000)
 ParOldGen       total 69632K, used 69419K [0x0000000080000000, 0x0000000084400000, 0x00000000d5580000)
  object space 69632K, 99% used [0x0000000080000000,0x00000000843caea0,0x0000000084400000)
 Metaspace       used 63550K, committed 64896K, reserved 1114112K
  class space    used 6866K, committed 7488K, reserved 1048576K
}
Event: 69.090 GC heap before
{Heap before GC invocations=68 (full 3):
 PSYoungGen      total 22528K, used 22516K [0x00000000d5580000, 0x00000000d6e00000, 0x0000000100000000)
  eden space 21504K, 100% used [0x00000000d5580000,0x00000000d6a80000,0x00000000d6a80000)
  from space 1024K, 98% used [0x00000000d6c00000,0x00000000d6cfd1f0,0x00000000d6d00000)
  to   space 1536K, 0% used [0x00000000d6a80000,0x00000000d6a80000,0x00000000d6c00000)
 ParOldGen       total 69632K, used 69419K [0x0000000080000000, 0x0000000084400000, 0x00000000d5580000)
  object space 69632K, 99% used [0x0000000080000000,0x00000000843caea0,0x0000000084400000)
 Metaspace       used 64536K, committed 65984K, reserved 1114112K
  class space    used 6973K, committed 7616K, reserved 1048576K
}
Event: 69.093 GC heap after
{Heap after GC invocations=68 (full 3):
 PSYoungGen      total 23040K, used 1521K [0x00000000d5580000, 0x00000000d7080000, 0x0000000100000000)
  eden space 21504K, 0% used [0x00000000d5580000,0x00000000d5580000,0x00000000d6a80000)
  from space 1536K, 99% used [0x00000000d6a80000,0x00000000d6bfc490,0x00000000d6c00000)
  to   space 3072K, 0% used [0x00000000d6d80000,0x00000000d6d80000,0x00000000d7080000)
 ParOldGen       total 70656K, used 70449K [0x0000000080000000, 0x0000000084500000, 0x00000000d5580000)
  object space 70656K, 99% used [0x0000000080000000,0x00000000844cc5e0,0x0000000084500000)
 Metaspace       used 64536K, committed 65984K, reserved 1114112K
  class space    used 6973K, committed 7616K, reserved 1048576K
}
Event: 69.223 GC heap before
{Heap before GC invocations=69 (full 3):
 PSYoungGen      total 23040K, used 23025K [0x00000000d5580000, 0x00000000d7080000, 0x0000000100000000)
  eden space 21504K, 100% used [0x00000000d5580000,0x00000000d6a80000,0x00000000d6a80000)
  from space 1536K, 99% used [0x00000000d6a80000,0x00000000d6bfc490,0x00000000d6c00000)
  to   space 3072K, 0% used [0x00000000d6d80000,0x00000000d6d80000,0x00000000d7080000)
 ParOldGen       total 70656K, used 70449K [0x0000000080000000, 0x0000000084500000, 0x00000000d5580000)
  object space 70656K, 99% used [0x0000000080000000,0x00000000844cc5e0,0x0000000084500000)
 Metaspace       used 64775K, committed 66304K, reserved 1114112K
  class space    used 6992K, committed 7680K, reserved 1048576K
}
Event: 69.227 GC heap after
{Heap after GC invocations=69 (full 3):
 PSYoungGen      total 23040K, used 1412K [0x00000000d5580000, 0x00000000d6f00000, 0x0000000100000000)
  eden space 21504K, 0% used [0x00000000d5580000,0x00000000d5580000,0x00000000d6a80000)
  from space 1536K, 91% used [0x00000000d6d80000,0x00000000d6ee10d0,0x00000000d6f00000)
  to   space 2048K, 0% used [0x00000000d6b00000,0x00000000d6b00000,0x00000000d6d00000)
 ParOldGen       total 72192K, used 71681K [0x0000000080000000, 0x0000000084680000, 0x00000000d5580000)
  object space 72192K, 99% used [0x0000000080000000,0x00000000846005f0,0x0000000084680000)
 Metaspace       used 64775K, committed 66304K, reserved 1114112K
  class space    used 6992K, committed 7680K, reserved 1048576K
}
Event: 69.504 GC heap before
{Heap before GC invocations=70 (full 3):
 PSYoungGen      total 23040K, used 22916K [0x00000000d5580000, 0x00000000d6f00000, 0x0000000100000000)
  eden space 21504K, 100% used [0x00000000d5580000,0x00000000d6a80000,0x00000000d6a80000)
  from space 1536K, 91% used [0x00000000d6d80000,0x00000000d6ee10d0,0x00000000d6f00000)
  to   space 2048K, 0% used [0x00000000d6b00000,0x00000000d6b00000,0x00000000d6d00000)
 ParOldGen       total 72192K, used 71681K [0x0000000080000000, 0x0000000084680000, 0x00000000d5580000)
  object space 72192K, 99% used [0x0000000080000000,0x00000000846005f0,0x0000000084680000)
 Metaspace       used 66883K, committed 68352K, reserved 1114112K
  class space    used 7161K, committed 7808K, reserved 1048576K
}
Event: 69.506 GC heap after
{Heap after GC invocations=70 (full 3):
 PSYoungGen      total 22528K, used 795K [0x00000000d5580000, 0x00000000d6e00000, 0x0000000100000000)
  eden space 21504K, 0% used [0x00000000d5580000,0x00000000d5580000,0x00000000d6a80000)
  from space 1024K, 77% used [0x00000000d6b00000,0x00000000d6bc6c30,0x00000000d6c00000)
  to   space 1536K, 0% used [0x00000000d6c80000,0x00000000d6c80000,0x00000000d6e00000)
 ParOldGen       total 72192K, used 71865K [0x0000000080000000, 0x0000000084680000, 0x00000000d5580000)
  object space 72192K, 99% used [0x0000000080000000,0x000000008462e610,0x0000000084680000)
 Metaspace       used 66883K, committed 68352K, reserved 1114112K
  class space    used 7161K, committed 7808K, reserved 1048576K
}
Event: 1260.520 GC heap before
{Heap before GC invocations=71 (full 3):
 PSYoungGen      total 22528K, used 22286K [0x00000000d5580000, 0x00000000d6e00000, 0x0000000100000000)
  eden space 21504K, 99% used [0x00000000d5580000,0x00000000d6a7cc50,0x00000000d6a80000)
  from space 1024K, 77% used [0x00000000d6b00000,0x00000000d6bc6c30,0x00000000d6c00000)
  to   space 1536K, 0% used [0x00000000d6c80000,0x00000000d6c80000,0x00000000d6e00000)
 ParOldGen       total 72192K, used 71865K [0x0000000080000000, 0x0000000084680000, 0x00000000d5580000)
  object space 72192K, 99% used [0x0000000080000000,0x000000008462e610,0x0000000084680000)
 Metaspace       used 67994K, committed 69504K, reserved 1114112K
  class space    used 7284K, committed 7936K, reserved 1048576K
}
Event: 1260.535 GC heap after
{Heap after GC invocations=71 (full 3):
 PSYoungGen      total 22528K, used 650K [0x00000000d5580000, 0x00000000d6d80000, 0x0000000100000000)
  eden space 21504K, 0% used [0x00000000d5580000,0x00000000d5580000,0x00000000d6a80000)
  from space 1024K, 63% used [0x00000000d6c80000,0x00000000d6d229f0,0x00000000d6d80000)
  to   space 1024K, 0% used [0x00000000d6b00000,0x00000000d6b00000,0x00000000d6c00000)
 ParOldGen       total 72192K, used 72169K [0x0000000080000000, 0x0000000084680000, 0x00000000d5580000)
  object space 72192K, 99% used [0x0000000080000000,0x000000008467a630,0x0000000084680000)
 Metaspace       used 67994K, committed 69504K, reserved 1114112K
  class space    used 7284K, committed 7936K, reserved 1048576K
}
Event: 1261.930 GC heap before
{Heap before GC invocations=72 (full 3):
 PSYoungGen      total 22528K, used 22153K [0x00000000d5580000, 0x00000000d6d80000, 0x0000000100000000)
  eden space 21504K, 99% used [0x00000000d5580000,0x00000000d6a7fda8,0x00000000d6a80000)
  from space 1024K, 63% used [0x00000000d6c80000,0x00000000d6d229f0,0x00000000d6d80000)
  to   space 1024K, 0% used [0x00000000d6b00000,0x00000000d6b00000,0x00000000d6c00000)
 ParOldGen       total 72192K, used 72169K [0x0000000080000000, 0x0000000084680000, 0x00000000d5580000)
  object space 72192K, 99% used [0x0000000080000000,0x000000008467a630,0x0000000084680000)
 Metaspace       used 70483K, committed 72000K, reserved 1114112K
  class space    used 7649K, committed 8320K, reserved 1048576K
}
Event: 1261.932 GC heap after
{Heap after GC invocations=72 (full 3):
 PSYoungGen      total 22528K, used 640K [0x00000000d5580000, 0x00000000d6d00000, 0x0000000100000000)
  eden space 21504K, 0% used [0x00000000d5580000,0x00000000d5580000,0x00000000d6a80000)
  from space 1024K, 62% used [0x00000000d6b00000,0x00000000d6ba0020,0x00000000d6c00000)
  to   space 1024K, 0% used [0x00000000d6c00000,0x00000000d6c00000,0x00000000d6d00000)
 ParOldGen       total 72704K, used 72688K [0x0000000080000000, 0x0000000084700000, 0x00000000d5580000)
  object space 72704K, 99% used [0x0000000080000000,0x00000000846fc240,0x0000000084700000)
 Metaspace       used 70483K, committed 72000K, reserved 1114112K
  class space    used 7649K, committed 8320K, reserved 1048576K
}

Dll operation events (12 events):
Event: 0.132 Loaded shared library c:\Users\cbele\.vscode\extensions\redhat.java-1.50.0-win32-x64\jre\21.0.9-win32-x86_64\bin\java.dll
Event: 0.784 Loaded shared library c:\Users\cbele\.vscode\extensions\redhat.java-1.50.0-win32-x64\jre\21.0.9-win32-x86_64\bin\zip.dll
Event: 0.969 Loaded shared library C:\Users\cbele\.vscode\extensions\redhat.java-1.50.0-win32-x64\jre\21.0.9-win32-x86_64\bin\instrument.dll
Event: 1.305 Loaded shared library C:\Users\cbele\.vscode\extensions\redhat.java-1.50.0-win32-x64\jre\21.0.9-win32-x86_64\bin\net.dll
Event: 1.551 Loaded shared library C:\Users\cbele\.vscode\extensions\redhat.java-1.50.0-win32-x64\jre\21.0.9-win32-x86_64\bin\nio.dll
Event: 1.631 Loaded shared library C:\Users\cbele\.vscode\extensions\redhat.java-1.50.0-win32-x64\jre\21.0.9-win32-x86_64\bin\zip.dll
Event: 1.790 Loaded shared library C:\Users\cbele\.vscode\extensions\redhat.java-1.50.0-win32-x64\jre\21.0.9-win32-x86_64\bin\jimage.dll
Event: 2.217 Loaded shared library c:\Users\cbele\.vscode\extensions\redhat.java-1.50.0-win32-x64\jre\21.0.9-win32-x86_64\bin\verify.dll
Event: 15.408 Loaded shared library C:\Users\cbele\AppData\Roaming\Code\User\globalStorage\redhat.java\1.50.0\config_win\org.eclipse.equinox.launcher\org.eclipse.equinox.launcher.win32.win32.x86_64_1.2.1400.v20250801-0854\eclipse_11916.dll
Event: 33.621 Loaded shared library C:\Users\cbele\AppData\Local\Temp\jna-94448607\jna12459799935388977385.dll
Event: 38.986 Loaded shared library C:\Users\cbele\.vscode\extensions\redhat.java-1.50.0-win32-x64\jre\21.0.9-win32-x86_64\bin\sunmscapi.dll
Event: 39.363 Loaded shared library C:\Users\cbele\.vscode\extensions\redhat.java-1.50.0-win32-x64\jre\21.0.9-win32-x86_64\bin\extnet.dll

Deoptimization events (20 events):
Event: 1260.730 Thread 0x000001d9c5fc5d80 Uncommon trap: trap_request=0xffffffde fr.pc=0x000001d9ef10d330 relative=0x0000000000001b50
Event: 1260.730 Thread 0x000001d9c5fc5d80 Uncommon trap: reason=class_check action=maybe_recompile pc=0x000001d9ef10d330 method=com.google.gson.stream.JsonWriter.string(Ljava/lang/String;)V @ 119 c2
Event: 1260.730 Thread 0x000001d9c5fc5d80 DEOPT PACKING pc=0x000001d9ef10d330 sp=0x000000c05befdfc0
Event: 1260.730 Thread 0x000001d9c5fc5d80 DEOPT UNPACKING pc=0x000001d9ee406da2 sp=0x000000c05befdfb8 mode 2
Event: 1260.730 Thread 0x000001d9c5fc5d80 Uncommon trap: trap_request=0xffffffde fr.pc=0x000001d9ef10d330 relative=0x0000000000001b50
Event: 1260.730 Thread 0x000001d9c5fc5d80 Uncommon trap: reason=class_check action=maybe_recompile pc=0x000001d9ef10d330 method=com.google.gson.stream.JsonWriter.string(Ljava/lang/String;)V @ 119 c2
Event: 1260.730 Thread 0x000001d9c5fc5d80 DEOPT PACKING pc=0x000001d9ef10d330 sp=0x000000c05befdf40
Event: 1260.730 Thread 0x000001d9c5fc5d80 DEOPT UNPACKING pc=0x000001d9ee406da2 sp=0x000000c05befdf38 mode 2
Event: 1260.730 Thread 0x000001d9c5fc5d80 Uncommon trap: trap_request=0xffffffde fr.pc=0x000001d9ef10d330 relative=0x0000000000001b50
Event: 1260.730 Thread 0x000001d9c5fc5d80 Uncommon trap: reason=class_check action=maybe_recompile pc=0x000001d9ef10d330 method=com.google.gson.stream.JsonWriter.string(Ljava/lang/String;)V @ 119 c2
Event: 1260.730 Thread 0x000001d9c5fc5d80 DEOPT PACKING pc=0x000001d9ef10d330 sp=0x000000c05befdf40
Event: 1260.730 Thread 0x000001d9c5fc5d80 DEOPT UNPACKING pc=0x000001d9ee406da2 sp=0x000000c05befdf38 mode 2
Event: 1261.610 Thread 0x000001d9c5fc6410 DEOPT PACKING pc=0x000001d9e849f19c sp=0x000000c05bcff5c0
Event: 1261.610 Thread 0x000001d9c5fc6410 DEOPT UNPACKING pc=0x000001d9ee4078e2 sp=0x000000c05bcfea80 mode 0
Event: 1268.094 Thread 0x000001d9c87c6ba0 DEOPT PACKING pc=0x000001d9e849f19c sp=0x000000c05c8ff030
Event: 1268.094 Thread 0x000001d9c87c6ba0 DEOPT UNPACKING pc=0x000001d9ee4078e2 sp=0x000000c05c8fe4f0 mode 0
Event: 1268.394 Thread 0x000001d9c59ea660 DEOPT PACKING pc=0x000001d9e849f19c sp=0x000000c05aeff550
Event: 1268.394 Thread 0x000001d9c59ea660 DEOPT UNPACKING pc=0x000001d9ee4078e2 sp=0x000000c05aefea10 mode 0
Event: 1320.622 Thread 0x000001d9c5fc9200 DEOPT PACKING pc=0x000001d9e849f19c sp=0x000000c05bdff4b0
Event: 1320.622 Thread 0x000001d9c5fc9200 DEOPT UNPACKING pc=0x000001d9ee4078e2 sp=0x000000c05bdfe970 mode 0

Classes loaded (20 events):
Event: 1260.729 Loading class java/util/TaskQueue
Event: 1260.729 Loading class java/util/TaskQueue done
Event: 1260.729 Loading class java/util/TimerThread
Event: 1260.729 Loading class java/util/TimerThread done
Event: 1260.729 Loading class java/util/Timer$ThreadReaper
Event: 1260.729 Loading class java/util/Timer$ThreadReaper done
Event: 1260.731 Loading class java/util/concurrent/CompletableFuture$UniWhenComplete
Event: 1260.731 Loading class java/util/concurrent/CompletableFuture$UniWhenComplete done
Event: 1260.731 Loading class java/util/concurrent/CompletableFuture$UniCompose
Event: 1260.732 Loading class java/util/concurrent/CompletableFuture$UniCompose done
Event: 1260.732 Loading class java/util/concurrent/CompletableFuture$UniRelay
Event: 1260.732 Loading class java/util/concurrent/CompletableFuture$UniRelay done
Event: 1261.614 Loading class java/util/concurrent/ScheduledThreadPoolExecutor$DelayedWorkQueue$Itr
Event: 1261.614 Loading class java/util/concurrent/ScheduledThreadPoolExecutor$DelayedWorkQueue$Itr done
Event: 1261.929 Loading class java/lang/ProcessHandleImpl$ExitCompletion
Event: 1261.930 Loading class java/lang/ProcessHandleImpl$ExitCompletion done
Event: 1261.930 Loading class java/lang/ProcessHandleImpl$1
Event: 1261.930 Loading class java/lang/ProcessHandleImpl$1 done
Event: 1261.933 Loading class java/util/concurrent/CompletableFuture$UniHandle
Event: 1261.933 Loading class java/util/concurrent/CompletableFuture$UniHandle done

Classes unloaded (7 events):
Event: 34.294 Thread 0x000001d9e3bf3100 Unloading class 0x000001d9811a4800 'java/lang/invoke/LambdaForm$MH+0x000001d9811a4800'
Event: 34.294 Thread 0x000001d9e3bf3100 Unloading class 0x000001d9811a4400 'java/lang/invoke/LambdaForm$MH+0x000001d9811a4400'
Event: 34.294 Thread 0x000001d9e3bf3100 Unloading class 0x000001d9811a4000 'java/lang/invoke/LambdaForm$MH+0x000001d9811a4000'
Event: 34.294 Thread 0x000001d9e3bf3100 Unloading class 0x000001d9811a3c00 'java/lang/invoke/LambdaForm$MH+0x000001d9811a3c00'
Event: 34.294 Thread 0x000001d9e3bf3100 Unloading class 0x000001d9811a3800 'java/lang/invoke/LambdaForm$BMH+0x000001d9811a3800'
Event: 34.294 Thread 0x000001d9e3bf3100 Unloading class 0x000001d9811a3400 'java/lang/invoke/LambdaForm$DMH+0x000001d9811a3400'
Event: 34.294 Thread 0x000001d9e3bf3100 Unloading class 0x000001d9811a2000 'java/lang/invoke/LambdaForm$DMH+0x000001d9811a2000'

Classes redefined (0 events):
No events

Internal exceptions (20 events):
Event: 69.199 Thread 0x000001d9c87ca020 Exception <a 'sun/nio/fs/WindowsException'{0x00000000d61574f8}> (0x00000000d61574f8) 
thrown [s\src\hotspot\share\prims\jni.cpp, line 520]
Event: 69.199 Thread 0x000001d9c87ca020 Exception <a 'sun/nio/fs/WindowsException'{0x00000000d6157e18}> (0x00000000d6157e18) 
thrown [s\src\hotspot\share\prims\jni.cpp, line 520]
Event: 1259.428 Thread 0x000001d9c87c57f0 Exception <a 'java/lang/IncompatibleClassChangeError'{0x00000000d56de218}: Found class java.lang.Object, but interface was expected> (0x00000000d56de218) 
thrown [s\src\hotspot\share\interpreter\linkResolver.cpp, line 840]
Event: 1260.151 Thread 0x000001d9c5fc5060 Exception <a 'java/lang/NoSuchMethodError'{0x00000000d5855308}: 'java.lang.Object java.lang.invoke.DirectMethodHandle$Holder.newInvokeSpecial(java.lang.Object, java.lang.Object, int)'> (0x00000000d5855308) 
thrown [s\src\hotspot\share\interpreter\linkResolver.cpp, line 773]
Event: 1260.219 Thread 0x000001d9c5fc5060 Exception <a 'sun/nio/fs/WindowsException'{0x00000000d5af1650}> (0x00000000d5af1650) 
thrown [s\src\hotspot\share\prims\jni.cpp, line 520]
Event: 1260.219 Thread 0x000001d9c5fc5060 Exception <a 'sun/nio/fs/WindowsException'{0x00000000d5af1f50}> (0x00000000d5af1f50) 
thrown [s\src\hotspot\share\prims\jni.cpp, line 520]
Event: 1260.220 Thread 0x000001d9c5fc5060 Exception <a 'sun/nio/fs/WindowsException'{0x00000000d5af2d88}> (0x00000000d5af2d88) 
thrown [s\src\hotspot\share\prims\jni.cpp, line 520]
Event: 1260.220 Thread 0x000001d9c5fc5060 Exception <a 'sun/nio/fs/WindowsException'{0x00000000d5af3688}> (0x00000000d5af3688) 
thrown [s\src\hotspot\share\prims\jni.cpp, line 520]
Event: 1260.221 Thread 0x000001d9c5fc5060 Exception <a 'sun/nio/fs/WindowsException'{0x00000000d5af4f70}> (0x00000000d5af4f70) 
thrown [s\src\hotspot\share\prims\jni.cpp, line 520]
Event: 1260.221 Thread 0x000001d9c5fc5060 Exception <a 'sun/nio/fs/WindowsException'{0x00000000d5af55c0}> (0x00000000d5af55c0) 
thrown [s\src\hotspot\share\prims\jni.cpp, line 520]
Event: 1260.238 Thread 0x000001d9c5fc5060 Exception <a 'sun/nio/fs/WindowsException'{0x00000000d5b10500}> (0x00000000d5b10500) 
thrown [s\src\hotspot\share\prims\jni.cpp, line 520]
Event: 1260.238 Thread 0x000001d9c5fc5060 Exception <a 'sun/nio/fs/WindowsException'{0x00000000d5b10e00}> (0x00000000d5b10e00) 
thrown [s\src\hotspot\share\prims\jni.cpp, line 520]
Event: 1260.518 Thread 0x000001d9c5fc77c0 Exception <a 'java/io/FileNotFoundException'{0x00000000d6a23090}> (0x00000000d6a23090) 
thrown [s\src\hotspot\share\prims\jni.cpp, line 520]
Event: 1260.657 Thread 0x000001d9c5fc77c0 Exception <a 'java/lang/NoSuchMethodError'{0x00000000d63f5a18}: 'java.lang.Object java.lang.invoke.DirectMethodHandle$Holder.invokeVirtual(java.lang.Object, java.lang.Object, java.lang.Object, java.lang.Object)'> (0x00000000d63f5a18) 
thrown [s\src\hotspot\share\interpreter\linkResolver.cpp, line 773]
Event: 1260.689 Thread 0x000001d9c5fc5d80 Exception <a 'java/lang/NoSuchMethodError'{0x00000000d6813400}: 'java.lang.Object java.lang.invoke.DirectMethodHandle$Holder.invokeStatic(java.lang.Object, long, java.lang.Object, java.lang.Object)'> (0x00000000d6813400) 
thrown [s\src\hotspot\share\interpreter\linkResolver.cpp, line 773]
Event: 1260.712 Thread 0x000001d9c5fc5d80 Exception <a 'sun/nio/fs/WindowsException'{0x00000000d68a9898}> (0x00000000d68a9898) 
thrown [s\src\hotspot\share\prims\jni.cpp, line 520]
Event: 1260.712 Thread 0x000001d9c5fc5d80 Exception <a 'sun/nio/fs/WindowsException'{0x00000000d68aa898}> (0x00000000d68aa898) 
thrown [s\src\hotspot\share\prims\jni.cpp, line 520]
Event: 1261.798 Thread 0x000001d9c5fc9890 Exception <a 'java/lang/NoSuchMethodError'{0x00000000d69a94b0}: 'long java.lang.invoke.DelegatingMethodHandle$Holder.reinvoke_L(java.lang.Object, java.lang.Object)'> (0x00000000d69a94b0) 
thrown [s\src\hotspot\share\interpreter\linkResolver.cpp, line 773]
Event: 1261.799 Thread 0x000001d9c5fc9890 Exception <a 'java/lang/NoSuchMethodError'{0x00000000d69b3430}: 'void java.lang.invoke.DelegatingMethodHandle$Holder.reinvoke_L(java.lang.Object, java.lang.Object, long)'> (0x00000000d69b3430) 
thrown [s\src\hotspot\share\interpreter\linkResolver.cpp, line 773]
Event: 1261.934 Thread 0x000001d9c5fc9890 Exception <a 'java/lang/NoSuchMethodError'{0x00000000d559b7d0}: 'long java.lang.invoke.Invokers$Holder.invokeExact_MT(java.lang.Object, java.lang.Object, java.lang.Object)'> (0x00000000d559b7d0) 
thrown [s\src\hotspot\share\interpreter\linkResolver.cpp, line 773]

ZGC Phase Switch (0 events):
No events

VM Operations (20 events):
Event: 2765.723 Executing VM operation: HandshakeAllThreads (HandshakeForDeflation)
Event: 2765.723 Executing VM operation: HandshakeAllThreads (HandshakeForDeflation) done
Event: 2765.723 Executing VM operation: RendezvousGCThreads
Event: 2765.723 Executing VM operation: RendezvousGCThreads done
Event: 2825.753 Executing VM operation: HandshakeAllThreads (HandshakeForDeflation)
Event: 2825.754 Executing VM operation: HandshakeAllThreads (HandshakeForDeflation) done
Event: 2825.754 Executing VM operation: RendezvousGCThreads
Event: 2825.754 Executing VM operation: RendezvousGCThreads done
Event: 2885.765 Executing VM operation: HandshakeAllThreads (HandshakeForDeflation)
Event: 2885.765 Executing VM operation: HandshakeAllThreads (HandshakeForDeflation) done
Event: 2885.765 Executing VM operation: RendezvousGCThreads
Event: 2885.765 Executing VM operation: RendezvousGCThreads done
Event: 2945.916 Executing VM operation: HandshakeAllThreads (HandshakeForDeflation)
Event: 2945.916 Executing VM operation: HandshakeAllThreads (HandshakeForDeflation) done
Event: 2945.916 Executing VM operation: RendezvousGCThreads
Event: 2945.916 Executing VM operation: RendezvousGCThreads done
Event: 3006.052 Executing VM operation: HandshakeAllThreads (HandshakeForDeflation)
Event: 3006.052 Executing VM operation: HandshakeAllThreads (HandshakeForDeflation) done
Event: 3006.052 Executing VM operation: RendezvousGCThreads
Event: 3006.052 Executing VM operation: RendezvousGCThreads done

Memory protections (0 events):
No events

Nmethod flushes (20 events):
Event: 48.765 Thread 0x000001d9e3bf3100 flushing  nmethod 0x000001d9e7627390
Event: 48.765 Thread 0x000001d9e3bf3100 flushing  nmethod 0x000001d9e7627790
Event: 48.765 Thread 0x000001d9e3bf3100 flushing  nmethod 0x000001d9e7628210
Event: 48.765 Thread 0x000001d9e3bf3100 flushing  nmethod 0x000001d9e7638710
Event: 48.765 Thread 0x000001d9e3bf3100 flushing  nmethod 0x000001d9e7638c10
Event: 48.765 Thread 0x000001d9e3bf3100 flushing  nmethod 0x000001d9e7639690
Event: 48.765 Thread 0x000001d9e3bf3100 flushing  nmethod 0x000001d9e763ac90
Event: 48.765 Thread 0x000001d9e3bf3100 flushing  nmethod 0x000001d9e763e190
Event: 48.765 Thread 0x000001d9e3bf3100 flushing  nmethod 0x000001d9e763f410
Event: 48.765 Thread 0x000001d9e3bf3100 flushing  nmethod 0x000001d9e7664d10
Event: 48.765 Thread 0x000001d9e3bf3100 flushing osr nmethod 0x000001d9e76a2d10
Event: 48.765 Thread 0x000001d9e3bf3100 flushing  nmethod 0x000001d9e76d7f10
Event: 48.765 Thread 0x000001d9e3bf3100 flushing  nmethod 0x000001d9e76ea490
Event: 48.765 Thread 0x000001d9e3bf3100 flushing  nmethod 0x000001d9e7700610
Event: 48.765 Thread 0x000001d9e3bf3100 flushing  nmethod 0x000001d9e771cd90
Event: 48.765 Thread 0x000001d9e3bf3100 flushing  nmethod 0x000001d9e7721110
Event: 48.765 Thread 0x000001d9e3bf3100 flushing  nmethod 0x000001d9e7723810
Event: 48.765 Thread 0x000001d9e3bf3100 flushing  nmethod 0x000001d9e772f590
Event: 48.765 Thread 0x000001d9e3bf3100 flushing  nmethod 0x000001d9e7758510
Event: 48.765 Thread 0x000001d9e3bf3100 flushing osr nmethod 0x000001d9e7799c90

Events (20 events):
Event: 309.550 Thread 0x000001d9c87c9300 Thread exited: 0x000001d9c87c9300
Event: 369.556 Thread 0x000001d9c87ca020 Thread exited: 0x000001d9c87ca020
Event: 429.557 Thread 0x000001d9c87ca6b0 Thread exited: 0x000001d9c87ca6b0
Event: 489.572 Thread 0x000001d9c5fc77c0 Thread exited: 0x000001d9c5fc77c0
Event: 1259.410 Thread 0x000001d9c87c57f0 Thread added: 0x000001d9c5fc5060
Event: 1259.435 Thread 0x000001d9c87c57f0 Thread added: 0x000001d9c5fc8b70
Event: 1260.293 Thread 0x000001d9e3c1f8c0 Thread added: 0x000001d9c92d9380
Event: 1260.407 Thread 0x000001d9c92d9380 Thread exited: 0x000001d9c92d9380
Event: 1260.486 Thread 0x000001d9c5fc5060 Thread added: 0x000001d9c5fc56f0
Event: 1260.489 Thread 0x000001d9c5fc56f0 Thread added: 0x000001d9c5fc77c0
Event: 1260.608 Thread 0x000001d9c5fc77c0 Thread added: 0x000001d9c5fc6410
Event: 1260.613 Thread 0x000001d9c5fc77c0 Thread added: 0x000001d9c5fc9200
Event: 1260.686 Thread 0x000001d9c5fc77c0 Thread added: 0x000001d9c5fc5d80
Event: 1260.729 Thread 0x000001d9c5fc5d80 Thread added: 0x000001d9c5fc7130
Event: 1261.797 Thread 0x000001d9c5fc77c0 Thread added: 0x000001d9c5fc9890
Event: 1261.797 Thread 0x000001d9c5fc7130 Thread exited: 0x000001d9c5fc7130
Event: 1261.932 Thread 0x000001d9c5fc9890 Thread added: 0x000001d9c5fc6aa0
Event: 1261.936 Thread 0x000001d9c5fc9890 Thread exited: 0x000001d9c5fc9890
Event: 1320.489 Thread 0x000001d9c5fc5060 Thread exited: 0x000001d9c5fc5060
Event: 1380.502 Thread 0x000001d9c5fc8b70 Thread exited: 0x000001d9c5fc8b70


Dynamic libraries:
0x00007ff7976d0000 - 0x00007ff7976de000 	c:\Users\cbele\.vscode\extensions\redhat.java-1.50.0-win32-x64\jre\21.0.9-win32-x86_64\bin\java.exe
0x00007fffa8d40000 - 0x00007fffa8fa7000 	C:\WINDOWS\SYSTEM32\ntdll.dll
0x00007fffa8010000 - 0x00007fffa80d9000 	C:\WINDOWS\System32\KERNEL32.DLL
0x00007fffa6620000 - 0x00007fffa6a0f000 	C:\WINDOWS\System32\KERNELBASE.dll
0x00007fffa2a10000 - 0x00007fffa2aaf000 	C:\WINDOWS\SYSTEM32\apphelp.dll
0x00007fffa6350000 - 0x00007fffa649b000 	C:\WINDOWS\System32\ucrtbase.dll
0x00007fff82560000 - 0x00007fff82578000 	c:\Users\cbele\.vscode\extensions\redhat.java-1.50.0-win32-x64\jre\21.0.9-win32-x86_64\bin\jli.dll
0x00007fffa80e0000 - 0x00007fffa82a5000 	C:\WINDOWS\System32\USER32.dll
0x00007fffa6320000 - 0x00007fffa6347000 	C:\WINDOWS\System32\win32u.dll
0x00007fffa7760000 - 0x00007fffa778b000 	C:\WINDOWS\System32\GDI32.dll
0x00007fffa5fd0000 - 0x00007fffa60fc000 	C:\WINDOWS\System32\gdi32full.dll
0x00007fffa5f20000 - 0x00007fffa5fc3000 	C:\WINDOWS\System32\msvcp_win.dll
0x00007fff7caa0000 - 0x00007fff7cabe000 	c:\Users\cbele\.vscode\extensions\redhat.java-1.50.0-win32-x64\jre\21.0.9-win32-x86_64\bin\VCRUNTIME140.dll
0x00007fff85820000 - 0x00007fff85ab3000 	C:\WINDOWS\WinSxS\amd64_microsoft.windows.common-controls_6595b64144ccf1df_6.0.26100.7309_none_3e05feeae336a044\COMCTL32.dll
0x00007fffa7b80000 - 0x00007fffa7c29000 	C:\WINDOWS\System32\msvcrt.dll
0x00007fffa7fd0000 - 0x00007fffa8001000 	C:\WINDOWS\System32\IMM32.DLL
0x00007fffa1e50000 - 0x00007fffa1e5c000 	c:\Users\cbele\.vscode\extensions\redhat.java-1.50.0-win32-x64\jre\21.0.9-win32-x86_64\bin\vcruntime140_1.dll
0x00007fff371d0000 - 0x00007fff3725d000 	c:\Users\cbele\.vscode\extensions\redhat.java-1.50.0-win32-x64\jre\21.0.9-win32-x86_64\bin\msvcp140.dll
0x00007ffef3c90000 - 0x00007ffef4a30000 	c:\Users\cbele\.vscode\extensions\redhat.java-1.50.0-win32-x64\jre\21.0.9-win32-x86_64\bin\server\jvm.dll
0x00007fffa7a50000 - 0x00007fffa7b04000 	C:\WINDOWS\System32\ADVAPI32.dll
0x00007fffa83b0000 - 0x00007fffa8456000 	C:\WINDOWS\System32\sechost.dll
0x00007fffa7930000 - 0x00007fffa7a48000 	C:\WINDOWS\System32\RPCRT4.dll
0x00007fffa7ec0000 - 0x00007fffa7f34000 	C:\WINDOWS\System32\WS2_32.dll
0x00007fff9d330000 - 0x00007fff9d365000 	C:\WINDOWS\SYSTEM32\WINMM.dll
0x00007fff95ae0000 - 0x00007fff95aeb000 	C:\WINDOWS\SYSTEM32\VERSION.dll
0x00007fffa5cf0000 - 0x00007fffa5d4e000 	C:\WINDOWS\SYSTEM32\POWRPROF.dll
0x00007fffa5cd0000 - 0x00007fffa5ce4000 	C:\WINDOWS\SYSTEM32\UMPDC.dll
0x00007fffa4c40000 - 0x00007fffa4c5b000 	C:\WINDOWS\SYSTEM32\kernel.appcore.dll
0x00007fff86460000 - 0x00007fff8646a000 	c:\Users\cbele\.vscode\extensions\redhat.java-1.50.0-win32-x64\jre\21.0.9-win32-x86_64\bin\jimage.dll
0x00007fffa37a0000 - 0x00007fffa39e2000 	C:\WINDOWS\SYSTEM32\DBGHELP.DLL
0x00007fffa87b0000 - 0x00007fffa8b35000 	C:\WINDOWS\System32\combase.dll
0x00007fffa7850000 - 0x00007fffa7926000 	C:\WINDOWS\System32\OLEAUT32.dll
0x00007fff80d30000 - 0x00007fff80d6c000 	C:\WINDOWS\SYSTEM32\dbgcore.DLL
0x00007fffa6100000 - 0x00007fffa61a5000 	C:\WINDOWS\System32\bcryptPrimitives.dll
0x00007fff85dc0000 - 0x00007fff85dcf000 	c:\Users\cbele\.vscode\extensions\redhat.java-1.50.0-win32-x64\jre\21.0.9-win32-x86_64\bin\instrument.dll
0x00007fff750a0000 - 0x00007fff750c0000 	c:\Users\cbele\.vscode\extensions\redhat.java-1.50.0-win32-x64\jre\21.0.9-win32-x86_64\bin\java.dll
0x00007fffa7000000 - 0x00007fffa7753000 	C:\WINDOWS\System32\SHELL32.dll
0x00007fffa61b0000 - 0x00007fffa631a000 	C:\WINDOWS\System32\wintypes.dll
0x00007fffa3a70000 - 0x00007fffa42ce000 	C:\WINDOWS\SYSTEM32\windows.storage.dll
0x00007fffa8b40000 - 0x00007fffa8c35000 	C:\WINDOWS\System32\SHCORE.dll
0x00007fffa7e50000 - 0x00007fffa7eb6000 	C:\WINDOWS\System32\shlwapi.dll
0x00007fffa5db0000 - 0x00007fffa5dd9000 	C:\WINDOWS\SYSTEM32\profapi.dll
0x00007fff750c0000 - 0x00007fff750d8000 	c:\Users\cbele\.vscode\extensions\redhat.java-1.50.0-win32-x64\jre\21.0.9-win32-x86_64\bin\zip.dll
0x00007fff84f00000 - 0x00007fff84f10000 	C:\Users\cbele\.vscode\extensions\redhat.java-1.50.0-win32-x64\jre\21.0.9-win32-x86_64\bin\net.dll
0x00007fff97840000 - 0x00007fff97968000 	C:\WINDOWS\SYSTEM32\WINHTTP.dll
0x00007fffa51b0000 - 0x00007fffa521b000 	C:\WINDOWS\system32\mswsock.dll
0x00007fff74520000 - 0x00007fff74536000 	C:\Users\cbele\.vscode\extensions\redhat.java-1.50.0-win32-x64\jre\21.0.9-win32-x86_64\bin\nio.dll
0x00007fff84210000 - 0x00007fff84220000 	c:\Users\cbele\.vscode\extensions\redhat.java-1.50.0-win32-x64\jre\21.0.9-win32-x86_64\bin\verify.dll
0x00007fff865e0000 - 0x00007fff86624000 	C:\Users\cbele\AppData\Roaming\Code\User\globalStorage\redhat.java\1.50.0\config_win\org.eclipse.equinox.launcher\org.eclipse.equinox.launcher.win32.win32.x86_64_1.2.1400.v20250801-0854\eclipse_11916.dll
0x00007fffa7c30000 - 0x00007fffa7dc7000 	C:\WINDOWS\System32\ole32.dll
0x00007fffa5470000 - 0x00007fffa548b000 	C:\WINDOWS\SYSTEM32\CRYPTSP.dll
0x00007fffa4ba0000 - 0x00007fffa4bda000 	C:\WINDOWS\system32\rsaenh.dll
0x00007fffa5260000 - 0x00007fffa528b000 	C:\WINDOWS\SYSTEM32\USERENV.dll
0x00007fffa5d80000 - 0x00007fffa5daa000 	C:\WINDOWS\SYSTEM32\bcrypt.dll
0x00007fffa5490000 - 0x00007fffa549c000 	C:\WINDOWS\SYSTEM32\CRYPTBASE.dll
0x00007fffa4660000 - 0x00007fffa4694000 	C:\WINDOWS\SYSTEM32\IPHLPAPI.DLL
0x00007fffa6b30000 - 0x00007fffa6b3a000 	C:\WINDOWS\System32\NSI.dll
0x00007fff59d60000 - 0x00007fff59da9000 	C:\Users\cbele\AppData\Local\Temp\jna-94448607\jna12459799935388977385.dll
0x00007fffa7b70000 - 0x00007fffa7b78000 	C:\WINDOWS\System32\PSAPI.DLL
0x00007fff9f050000 - 0x00007fff9f06e000 	C:\WINDOWS\SYSTEM32\dhcpcsvc6.DLL
0x00007fff9f020000 - 0x00007fff9f043000 	C:\WINDOWS\SYSTEM32\dhcpcsvc.DLL
0x00007fffa0a00000 - 0x00007fffa0a0e000 	C:\Users\cbele\.vscode\extensions\redhat.java-1.50.0-win32-x64\jre\21.0.9-win32-x86_64\bin\sunmscapi.dll
0x00007fffa64a0000 - 0x00007fffa6617000 	C:\WINDOWS\System32\CRYPT32.dll
0x00007fffa5690000 - 0x00007fffa56c0000 	C:\WINDOWS\SYSTEM32\ncrypt.dll
0x00007fffa5640000 - 0x00007fffa567f000 	C:\WINDOWS\SYSTEM32\NTASN1.dll
0x00007fffa4700000 - 0x00007fffa482c000 	C:\WINDOWS\SYSTEM32\DNSAPI.dll
0x00007fff9c9a0000 - 0x00007fff9c9ab000 	C:\Windows\System32\rasadhlp.dll
0x00007fff9fa00000 - 0x00007fff9fa86000 	C:\WINDOWS\System32\fwpuclnt.dll
0x00007fffa09f0000 - 0x00007fffa09f9000 	C:\Users\cbele\.vscode\extensions\redhat.java-1.50.0-win32-x64\jre\21.0.9-win32-x86_64\bin\extnet.dll

JVMTI agents:
c:\Users\cbele\.vscode\extensions\redhat.java-1.50.0-win32-x64\lombok\lombok-1.18.39-4050.jar path:c:\Users\cbele\.vscode\extensions\redhat.java-1.50.0-win32-x64\jre\21.0.9-win32-x86_64\bin\instrument.dll, loaded, initialized, instrumentlib options:none

dbghelp: loaded successfully - version: 4.0.5 - missing functions: none
symbol engine: initialized successfully - sym options: 0x614 - pdb path: .;c:\Users\cbele\.vscode\extensions\redhat.java-1.50.0-win32-x64\jre\21.0.9-win32-x86_64\bin;C:\WINDOWS\SYSTEM32;C:\WINDOWS\WinSxS\amd64_microsoft.windows.common-controls_6595b64144ccf1df_6.0.26100.7309_none_3e05feeae336a044;c:\Users\cbele\.vscode\extensions\redhat.java-1.50.0-win32-x64\jre\21.0.9-win32-x86_64\bin\server;C:\Users\cbele\AppData\Roaming\Code\User\globalStorage\redhat.java\1.50.0\config_win\org.eclipse.equinox.launcher\org.eclipse.equinox.launcher.win32.win32.x86_64_1.2.1400.v20250801-0854;C:\Users\cbele\AppData\Local\Temp\jna-94448607

VM Arguments:
jvm_args: --add-modules=ALL-SYSTEM --add-opens=java.base/java.util=ALL-UNNAMED --add-opens=java.base/java.lang=ALL-UNNAMED --add-opens=java.base/sun.nio.fs=ALL-UNNAMED -Declipse.application=org.eclipse.jdt.ls.core.id1 -Dosgi.bundles.defaultStartLevel=4 -Declipse.product=org.eclipse.jdt.ls.core.product -Djava.import.generatesMetadataFilesAtProjectRoot=false -DDetectVMInstallationsJob.disabled=true -Dfile.encoding=utf8 -XX:+UseParallelGC -XX:GCTimeRatio=4 -XX:AdaptiveSizePolicyWeight=90 -Dsun.zip.disableMemoryMapping=true -Xmx2G -Xms100m -Xlog:disable -javaagent:c:\Users\cbele\.vscode\extensions\redhat.java-1.50.0-win32-x64\lombok\lombok-1.18.39-4050.jar -XX:+HeapDumpOnOutOfMemoryError -XX:HeapDumpPath=c:\Users\cbele\AppData\Roaming\Code\User\workspaceStorage\5977b9aecedd2a9adb6da221cf93ebb7\redhat.java -Daether.dependencyCollector.impl=bf 
java_command: c:\Users\cbele\.vscode\extensions\redhat.java-1.50.0-win32-x64\server\plugins\org.eclipse.equinox.launcher_1.7.100.v20251111-0406.jar -configuration c:\Users\cbele\AppData\Roaming\Code\User\globalStorage\redhat.java\1.50.0\config_win -data c:\Users\cbele\AppData\Roaming\Code\User\workspaceStorage\5977b9aecedd2a9adb6da221cf93ebb7\redhat.java\jdt_ws --pipe=\\.\pipe\lsp-927519df0c90540c95cca42d7fa7c3a5-sock
java_class_path (initial): c:\Users\cbele\.vscode\extensions\redhat.java-1.50.0-win32-x64\server\plugins\org.eclipse.equinox.launcher_1.7.100.v20251111-0406.jar
Launcher Type: SUN_STANDARD

[Global flags]
    uintx AdaptiveSizePolicyWeight                 = 90                                        {product} {command line}
     intx CICompilerCount                          = 4                                         {product} {ergonomic}
    uintx GCTimeRatio                              = 4                                         {product} {command line}
     bool HeapDumpOnOutOfMemoryError               = true                                   {manageable} {command line}
    ccstr HeapDumpPath                             = c:\Users\cbele\AppData\Roaming\Code\User\workspaceStorage\5977b9aecedd2a9adb6da221cf93ebb7\redhat.java         {manageable} {command line}
   size_t InitialHeapSize                          = 104857600                                 {product} {command line}
   size_t MaxHeapSize                              = 2147483648                                {product} {command line}
   size_t MaxNewSize                               = 715653120                                 {product} {ergonomic}
   size_t MinHeapDeltaBytes                        = 524288                                    {product} {ergonomic}
   size_t MinHeapSize                              = 104857600                                 {product} {command line}
   size_t NewSize                                  = 34603008                                  {product} {ergonomic}
    uintx NonNMethodCodeHeapSize                   = 5839372                                {pd product} {ergonomic}
    uintx NonProfiledCodeHeapSize                  = 122909434                              {pd product} {ergonomic}
   size_t OldSize                                  = 70254592                                  {product} {ergonomic}
    uintx ProfiledCodeHeapSize                     = 122909434                              {pd product} {ergonomic}
    uintx ReservedCodeCacheSize                    = 251658240                              {pd product} {ergonomic}
     bool SegmentedCodeCache                       = true                                      {product} {ergonomic}
   size_t SoftMaxHeapSize                          = 2147483648                             {manageable} {ergonomic}
     bool UseCompressedOops                        = true                           {product lp64_product} {ergonomic}
     bool UseLargePagesIndividualAllocation        = false                                  {pd product} {ergonomic}
     bool UseParallelGC                            = true                                      {product} {command line}

Logging:
Log output configuration:
 #0: stdout all=off uptime,level,tags foldmultilines=false
 #1: stderr all=off uptime,level,tags foldmultilines=false

Release file:
JAVA_VERSION="21.0.9" 
MODULES="java.base java.compiler java.datatransfer java.xml java.prefs java.desktop java.instrument java.logging java.management java.security.sasl java.naming java.rmi java.management.rmi java.net.http java.scripting java.security.jgss java.transaction.xa java.sql java.sql.rowset java.xml.crypto java.se java.smartcardio jdk.accessibility jdk.internal.jvmstat jdk.attach jdk.charsets jdk.internal.opt jdk.zipfs jdk.compiler jdk.crypto.ec jdk.crypto.cryptoki jdk.crypto.mscapi jdk.dynalink jdk.internal.ed jdk.editpad jdk.hotspot.agent jdk.httpserver jdk.internal.le jdk.internal.vm.ci jdk.internal.vm.compiler jdk.internal.vm.compiler.management jdk.jartool jdk.javadoc jdk.jcmd jdk.management jdk.management.agent jdk.jconsole jdk.jdeps jdk.jdwp.agent jdk.jdi jdk.jfr jdk.jshell jdk.jsobject jdk.jstatd jdk.localedata jdk.management.jfr jdk.naming.dns jdk.naming.rmi jdk.net jdk.nio.mapmode jdk.random jdk.sctp jdk.security.auth jdk.security.jgss jdk.unsupported jdk.unsupported.desktop jdk.xml.dom" 

Environment Variables:
PATH=C:\Program Files\Common Files\Oracle\Java\javapath;C:\Program Files (x86)\Common Files\Oracle\Java\javapath;C:\WINDOWS\system32;C:\WINDOWS;C:\WINDOWS\System32\Wbem;C:\WINDOWS\System32\WindowsPowerShell\v1.0\;C:\WINDOWS\System32\OpenSSH\;C:\Program Files\HP\HP One Agent;C:\WINDOWS\system32;C:\WINDOWS;C:\WINDOWS\System32\Wbem;C:\WINDOWS\System32\WindowsPowerShell\v1.0\;C:\WINDOWS\System32\OpenSSH\;C:\Program Files\Git\cmd;C:\Program Files\nodejs\;C:\Users\cbele\AppData\Local\Microsoft\WindowsApps;C:\Users\cbele\AppData\Local\Programs\Microsoft VS Code\bin;C:\Users\cbele\AppData\Roaming\npm
USERNAME=cbele
OS=Windows_NT
PROCESSOR_IDENTIFIER=Intel64 Family 6 Model 140 Stepping 1, GenuineIntel
TMP=C:\Users\cbele\AppData\Local\Temp
TEMP=C:\Users\cbele\AppData\Local\Temp




Periodic native trim disabled

---------------  S Y S T E M  ---------------

OS:
 Windows 11 , 64 bit Build 26100 (10.0.26100.7309)
OS uptime: 0 days 1:28 hours
Hyper-V role detected

CPU: total 8 (initial active 8) (4 cores per cpu, 2 threads per core) family 6 model 140 stepping 1 microcode 0xb8, cx8, cmov, fxsr, ht, mmx, 3dnowpref, sse, sse2, sse3, ssse3, sse4.1, sse4.2, popcnt, lzcnt, tsc, tscinvbit, avx, avx2, aes, erms, clmul, bmi1, bmi2, adx, avx512f, avx512dq, avx512cd, avx512bw, avx512vl, sha, fma, vzeroupper, avx512_vpopcntdq, avx512_vpclmulqdq, avx512_vaes, avx512_vnni, clflush, clflushopt, clwb, avx512_vbmi2, avx512_vbmi, hv, rdtscp, rdpid, fsrm, gfni, avx512_bitalg, f16c, cet_ibt, cet_ss, avx512_ifma
Processor Information for the first 8 processors :
  Max Mhz: 2419, Current Mhz: 2419, Mhz Limit: 2419

Memory: 4k page, system-wide physical 7959M (1324M free)
TotalPageFile size 15919M (AvailPageFile size 855M)
current process WorkingSet (physical memory assigned to process): 28M, peak: 352M
current process commit charge ("private bytes"): 360M, peak: 420M

vm_info: OpenJDK 64-Bit Server VM (21.0.9+10-LTS) for windows-amd64 JRE (21.0.9+10-LTS), built on 2025-10-21T00:00:00Z by "admin" with unknown MS VC++:1942

END.
